<?xml version="1.0" encoding="UTF-8"?>
<!-- Generated by org.testng.reporters.JUnitXMLReporter -->
<testsuite ignored="4" hostname="DESKTOP-U10DC9V" failures="0" tests="6" name="Test" time="0.077" errors="0" timestamp="2022-04-14T23:43:10 IST">
  <testcase classname="TestCases.Group" name="method1" time="0.009"/>
  <testcase classname="TestCases.Group" name="method2" time="0.002"/>
  <testcase classname="TestCases.Group" name="method3" time="0.004"/>
  <testcase classname="TestCases.Group" name="method4" time="0.001"/>
  <testcase classname="TestCases.Group" name="method5" time="0.003"/>
  <testcase classname="TestCases.priorityKey" name="method101" time="0.001"/>
  <testcase classname="TestCases.priorityKey" name="method2" time="0.0">
    <ignored/>
  </testcase> <!-- method2 -->
  <testcase classname="TestCases.priorityKey" name="method4" time="0.0">
    <ignored/>
  </testcase> <!-- method4 -->
  <testcase classname="TestCases.priorityKey" name="method3" time="0.0">
    <ignored/>
  </testcase> <!-- method3 -->
  <testcase classname="TestCases.priorityKey" name="method5" time="0.0">
    <ignored/>
  </testcase> <!-- method5 -->
</testsuite> <!-- Test -->
