<?xml version="1.0" encoding="UTF-8"?>
<!-- Generated by org.testng.reporters.JUnitXMLReporter -->
<testsuite ignored="0" hostname="DESKTOP-U10DC9V" failures="0" tests="3" name="Default test" time="65.053" errors="0" timestamp="2022-04-18T22:19:15 IST">
  <testcase classname="TestCases.parallelExecutation" name="site1" time="12.128"/>
  <testcase classname="TestCases.parallelExecutation" name="site2" time="19.98"/>
  <testcase classname="TestCases.parallelExecutation" name="site3" time="32.77"/>
</testsuite> <!-- Default test -->
