<?xml version="1.0" encoding="UTF-8"?>
<!-- Generated by org.testng.reporters.JUnitXMLReporter -->
<testsuite ignored="0" hostname="DESKTOP-U10DC9V" failures="0" tests="3" name="Test" time="42.501" errors="0" timestamp="2022-04-18T22:21:41 IST">
  <testcase classname="TestCases.parallelExecutation" name="site2" time="29.711"/>
  <testcase classname="TestCases.parallelExecutation" name="site1" time="40.42"/>
  <testcase classname="TestCases.parallelExecutation" name="site3" time="42.426"/>
</testsuite> <!-- Test -->
