<?xml version="1.0" encoding="UTF-8"?>
<!-- Generated by org.testng.reporters.JUnitXMLReporter -->
<testsuite ignored="0" hostname="DESKTOP-U10DC9V" failures="0" tests="5" name="Test" time="0.079" errors="0" timestamp="2022-04-18T14:53:18 IST">
  <testcase classname="TestCases.priorityKey" name="method101" time="0.007"/>
  <testcase classname="TestCases.priorityKey" name="method4" time="0.001"/>
  <testcase classname="TestCases.priorityKey" name="method3" time="0.001"/>
  <testcase classname="TestCases.priorityKey" name="method5" time="0.002"/>
  <testcase classname="TestCases.priorityKey" name="method2" time="0.002"/>
</testsuite> <!-- Test -->
