<?xml version="1.0" encoding="UTF-8"?>
<testng-results ignored="0" total="3" passed="3" failed="0" skipped="0">
  <reporter-output>
  </reporter-output>
  <suite started-at="2022-04-18T22:20:59 IST" name="Suite" finished-at="2022-04-18T22:21:41 IST" duration-ms="42501">
    <groups>
    </groups>
    <test started-at="2022-04-18T22:20:59 IST" name="Test" finished-at="2022-04-18T22:21:41 IST" duration-ms="42501">
      <class name="TestCases.parallelExecutation">
        <test-method signature="site1()[pri:0, instance:TestCases.parallelExecutation@6392827e]" started-at="2022-04-18T22:20:59 IST" name="site1" finished-at="2022-04-18T22:21:39 IST" duration-ms="40420" status="PASS">
          <reporter-output>
          </reporter-output>
        </test-method> <!-- site1 -->
        <test-method signature="site2()[pri:0, instance:TestCases.parallelExecutation@6392827e]" started-at="2022-04-18T22:20:59 IST" name="site2" finished-at="2022-04-18T22:21:29 IST" duration-ms="29711" status="PASS">
          <reporter-output>
          </reporter-output>
        </test-method> <!-- site2 -->
        <test-method signature="site3()[pri:0, instance:TestCases.parallelExecutation@6392827e]" started-at="2022-04-18T22:20:59 IST" name="site3" finished-at="2022-04-18T22:21:41 IST" duration-ms="42426" status="PASS">
          <reporter-output>
          </reporter-output>
        </test-method> <!-- site3 -->
      </class> <!-- TestCases.parallelExecutation -->
    </test> <!-- Test -->
  </suite> <!-- Suite -->
</testng-results>
